<?xml version="1.0" encoding="UTF-8"?>
<testng-results ignored="0" total="1" passed="1" failed="0" skipped="0">
  <reporter-output>
  </reporter-output>
  <suite started-at="2020-05-14T06:00:02Z" name="Default suite" finished-at="2020-05-14T06:00:20Z" duration-ms="17960">
    <groups>
    </groups>
    <test started-at="2020-05-14T06:00:02Z" name="Default test" finished-at="2020-05-14T06:00:20Z" duration-ms="17960">
      <class name="BasePack.HowCanTakeScreenshot">
        <test-method is-config="true" signature="setup()[pri:0, instance:BasePack.HowCanTakeScreenshot@7ee955a8]" started-at="2020-05-14T06:00:02Z" name="setup" finished-at="2020-05-14T06:00:08Z" duration-ms="5207" status="PASS">
          <reporter-output>
          </reporter-output>
        </test-method> <!-- setup -->
        <test-method signature="takingScreenShot()[pri:0, instance:BasePack.HowCanTakeScreenshot@7ee955a8]" started-at="2020-05-14T06:00:08Z" name="takingScreenShot" finished-at="2020-05-14T06:00:19Z" duration-ms="11437" status="PASS">
          <reporter-output>
          </reporter-output>
        </test-method> <!-- takingScreenShot -->
        <test-method is-config="true" signature="extentStatus(org.testng.ITestResult)[pri:0, instance:BasePack.HowCanTakeScreenshot@7ee955a8]" started-at="2020-05-14T06:00:19Z" name="extentStatus" finished-at="2020-05-14T06:00:19Z" duration-ms="8" status="PASS">
          <params>
            <param index="0">
              <value>
                <![CDATA[[TestResult name=takingScreenShot status=SUCCESS method=HowCanTakeScreenshot.takingScreenShot()[pri:0, instance:BasePack.HowCanTakeScreenshot@7ee955a8] output={null}]]]>
              </value>
            </param>
          </params>
          <reporter-output>
          </reporter-output>
        </test-method> <!-- extentStatus -->
        <test-method is-config="true" signature="teardown()[pri:0, instance:BasePack.HowCanTakeScreenshot@7ee955a8]" started-at="2020-05-14T06:00:19Z" name="teardown" finished-at="2020-05-14T06:00:20Z" duration-ms="1287" status="PASS">
          <reporter-output>
          </reporter-output>
        </test-method> <!-- teardown -->
      </class> <!-- BasePack.HowCanTakeScreenshot -->
    </test> <!-- Default test -->
  </suite> <!-- Default suite -->
</testng-results>
